<?xml version='1.0' encoding='UTF-8'?>
<testsuite hostname="VAMSHI-TP" name="DemoTest.scantest" tests="2" errors="0" failures="0" skipped="0" time="0.032" timestamp="2020-02-16T11:30:06">
                     <properties>
[...]
</properties>
                     <testcase classname="DemoTest.scantest" name="MyUtil should Divide by 2" time="0.032">
                                                 
                                               </testcase><testcase classname="DemoTest.scantest" name="MyUtil should Zero" time="0.0">
                                                 
                                               </testcase>
                     <system-out><![CDATA[]]></system-out>
                     <system-err><![CDATA[]]></system-err>
                   </testsuite>